Using pre-set license
Built from '2020.3/staging' branch; Version is '2020.3.0f1 (c7b5465681fb) revision 13088070'; Using compiler version '192528614'; Build Type 'Release'
OS: 'Windows 10 Enterprise; OS build 19044.2846; Version 2009; 64bit' Language: 'en' Physical Memory: 32643 MB
BatchMode: 1, IsHumanControllingUs: 0, StartBugReporterOnCrash: 0, Is64bit: 1, IsPro: 0

 COMMAND LINE ARGUMENTS:
C:\Program Files\Unity\Editor\Unity.exe
-adb2
-batchMode
-noUpm
-name
AssetImportWorker0
-projectPath
G:/Classroom VR/Classroom VR
-logFile
Logs/AssetImportWorker0.log
-srvPort
61505
Successfully changed project path to: G:/Classroom VR/Classroom VR
G:/Classroom VR/Classroom VR
Using Asset Import Pipeline V2.
Refreshing native plugins compatible for Editor in 43.34 ms, found 0 plugins.
Preloading 0 native plugins for Editor in 0.00 ms.
Initialize engine version: 2020.3.0f1 (c7b5465681fb)
[Subsystems] Discovering subsystems at path C:/Program Files/Unity/Editor/Data/Resources/UnitySubsystems
[Subsystems] Discovering subsystems at path G:/Classroom VR/Classroom VR/Assets
GfxDevice: creating device client; threaded=0
Direct3D:
    Version:  Direct3D 11.0 [level 11.1]
    Renderer: NVIDIA GeForce GTX 1060 3GB (ID=0x1c02)
    Vendor:   
    VRAM:     2988 MB
    Driver:   27.21.14.5211
Initialize mono
Mono path[0] = 'C:/Program Files/Unity/Editor/Data/Managed'
Mono path[1] = 'C:/Program Files/Unity/Editor/Data/MonoBleedingEdge/lib/mono/unityjit'
Mono config path = 'C:/Program Files/Unity/Editor/Data/MonoBleedingEdge/etc'
Using monoOptions --debugger-agent=transport=dt_socket,embedding=1,server=y,suspend=n,address=127.0.0.1:56784
Begin MonoManager ReloadAssembly
Registering precompiled unity dll's ...
Register platform support module: C:/Program Files/Unity/Editor/Data/PlaybackEngines/WindowsStandaloneSupport/UnityEditor.WindowsStandalone.Extensions.dll
Registered in 0.003674 seconds.
Native extension for WindowsStandalone target not found
Refreshing native plugins compatible for Editor in 32.28 ms, found 0 plugins.
Preloading 0 native plugins for Editor in 0.00 ms.
Invoked RoslynAnalysisRunner static constructor.
RoslynAnalysisRunner will not be running.
RoslynAnalysisRunner has terminated.
Mono: successfully reloaded assembly
- Completed reload, in  1.197 seconds
Platform modules already initialized, skipping
Registering precompiled user dll's ...
Registered in 0.398620 seconds.
Begin MonoManager ReloadAssembly
Native extension for WindowsStandalone target not found
Refreshing native plugins compatible for Editor in 0.29 ms, found 0 plugins.
Preloading 0 native plugins for Editor in 0.00 ms.
Invoked RoslynAnalysisRunner static constructor.
RoslynAnalysisRunner will not be running.
RoslynAnalysisRunner has terminated.
Mono: successfully reloaded assembly
- Completed reload, in  4.057 seconds
Platform modules already initialized, skipping
========================================================================
Worker process is ready to serve import requests
Launched and connected shader compiler UnityShaderCompiler.exe after 0.08 seconds
Refreshing native plugins compatible for Editor in 0.32 ms, found 0 plugins.
Preloading 0 native plugins for Editor in 0.00 ms.
Unloading 1381 Unused Serialized files (Serialized files now loaded: 0)
System memory in use before: 85.1 MB.
System memory in use after: 85.1 MB.

Unloading 10 unused Assets to reduce memory usage. Loaded Objects now: 1857.
Total: 2.369800 ms (FindLiveObjects: 0.395700 ms CreateObjectMapping: 0.113300 ms MarkObjects: 1.692800 ms  DeleteObjects: 0.166600 ms)

========================================================================
Received Import Request.
  path: Assets/__Scenes/Hayden_Classroom.unity
  artifactKey: Guid(4acb2134b662ad64ba5ce1e3571d2419) Importer(815301076,1909f56bfc062723c751e8b465ee728b)
Start importing Assets/__Scenes/Hayden_Classroom.unity using Guid(4acb2134b662ad64ba5ce1e3571d2419) Importer(815301076,1909f56bfc062723c751e8b465ee728b)  -> (artifact id: '1fdc6dbef075bfa33fdf134f5f7adcf0') in 0.049114 seconds
  Import took 0.051614 seconds .

========================================================================
Received Import Request.
  Time since last request: 27.501667 seconds.
  path: Assets/__Hayden Data/Scripts/Optics/Emitter.cs
  artifactKey: Guid(30aa2da15e917504b92bc56177d7992d) Importer(815301076,1909f56bfc062723c751e8b465ee728b)
Start importing Assets/__Hayden Data/Scripts/Optics/Emitter.cs using Guid(30aa2da15e917504b92bc56177d7992d) Importer(815301076,1909f56bfc062723c751e8b465ee728b)  -> (artifact id: '7f267074b6a8243e002058089f0de9b7') in 0.094908 seconds
  Import took 0.100281 seconds .

========================================================================
Received Prepare
Refreshing native plugins compatible for Editor in 2.35 ms, found 0 plugins.
Preloading 0 native plugins for Editor in 0.00 ms.
Unloading 3 Unused Serialized files (Serialized files now loaded: 0)
System memory in use before: 56.1 MB.
System memory in use after: 56.2 MB.

Unloading 3 unused Assets to reduce memory usage. Loaded Objects now: 1857.
Total: 3.030100 ms (FindLiveObjects: 0.319400 ms CreateObjectMapping: 0.101100 ms MarkObjects: 2.588300 ms  DeleteObjects: 0.019400 ms)

AssetImportWorkerClient::OnTransportError - code=2 error=End of file
